脚本目录:/home/pi/skydata
###################获取完成####################
##########初始化Git远程仓库#############
##########提交GitHub#############
脚本目录:/home/pi/skydata
###################获取完成####################
##########初始化Git远程仓库#############
##########提交GitHub#############
[master 0ad856e] 2021-02-21 00:15:25 自动更新提交Sky_CSV文件
 3 files changed, 5 insertions(+), 1 deletion(-)
 rename skyDate 2021-02-20.csv => skyDate 2021-02-21.csv (100%)
To github.com:AdminWhaleFall/skyData.git e3fab3b..0ad856e master -> master 分支 'master' 设置为跟踪来自 'github' 的远程分支 'master'。
{"code":200,"message":"ok","data":null}
脚本目录:/home/pi/skydata
###################获取完成####################
##########初始化Git远程仓库#############
##########提交GitHub#############
[master 09f4414] 2021-02-22 00:15:24 自动更新提交Sky_CSV文件
 2 files changed, 132 insertions(+), 115 deletions(-)
 rename skyDate 2021-02-21.csv => skyDate 2021-02-22.csv (96%)
To github.com:AdminWhaleFall/skyData.git 0ad856e..09f4414 master -> master 分支 'master' 设置为跟踪来自 'github' 的远程分支 'master'。
{"code":200,"message":"ok","data":null}
脚本目录:/home/pi/skydata
###################获取完成####################
##########初始化Git远程仓库#############
##########提交GitHub#############
[master 6cc729e] 2021-02-23 00:15:27 自动更新提交Sky_CSV文件
 2 files changed, 125 insertions(+), 115 deletions(-)
 rename skyDate 2021-02-22.csv => skyDate 2021-02-23.csv (96%)
To github.com:AdminWhaleFall/skyData.git 09f4414..6cc729e master -> master 分支 'master' 设置为跟踪来自 'github' 的远程分支 'master'。
{"code":200,"message":"ok","data":null}
脚本目录:/home/pi/skydata
###################获取完成####################
##########初始化Git远程仓库#############
##########提交GitHub#############
[master 68061d1] 2021-02-24 00:15:25 自动更新提交Sky_CSV文件
 2 files changed, 137 insertions(+), 119 deletions(-)
 rename skyDate 2021-02-23.csv => skyDate 2021-02-24.csv (96%)
To github.com:AdminWhaleFall/skyData.git 6cc729e..68061d1 master -> master 分支 'master' 设置为跟踪来自 'github' 的远程分支 'master'。
{"code":200,"message":"ok","data":null}
脚本目录:/home/pi/skydata
###################获取完成####################
##########初始化Git远程仓库#############
##########提交GitHub#############
[master f5d079d] 2021-02-25 00:15:29 自动更新提交Sky_CSV文件
 2 files changed, 130 insertions(+), 116 deletions(-)
 rename skyDate 2021-02-24.csv => skyDate 2021-02-25.csv (96%)
To github.com:AdminWhaleFall/skyData.git 68061d1..f5d079d master -> master 分支 'master' 设置为跟踪来自 'github' 的远程分支 'master'。
{"code":200,"message":"ok","data":null}
脚本目录:/home/pi/skydata
###################获取完成####################
##########初始化Git远程仓库#############
##########提交GitHub#############
[master 32ad68e] 2021-02-26 00:15:26 自动更新提交Sky_CSV文件
 2 files changed, 132 insertions(+), 117 deletions(-)
 rename skyDate 2021-02-25.csv => skyDate 2021-02-26.csv (96%)
To github.com:AdminWhaleFall/skyData.git f5d079d..32ad68e master -> master 分支 'master' 设置为跟踪来自 'github' 的远程分支 'master'。
{"code":200,"message":"ok","data":null}
脚本目录:/home/pi/skydata
###################获取完成####################
##########初始化Git远程仓库#############
##########提交GitHub#############
[master d8b827c] 2021-02-27 00:15:27 自动更新提交Sky_CSV文件
 2 files changed, 136 insertions(+), 120 deletions(-)
 rename skyDate 2021-02-26.csv => skyDate 2021-02-27.csv (96%)
To github.com:AdminWhaleFall/skyData.git 32ad68e..d8b827c master -> master 分支 'master' 设置为跟踪来自 'github' 的远程分支 'master'。
{"code":200,"message":"ok","data":null}
脚本目录:/home/pi/skydata
###################获取完成####################
##########初始化Git远程仓库#############
##########提交GitHub#############
[master a942ef7] 2021-02-28 00:15:24 自动更新提交Sky_CSV文件
 2 files changed, 130 insertions(+), 117 deletions(-)
 rename skyDate 2021-02-27.csv => skyDate 2021-02-28.csv (96%)
To github.com:AdminWhaleFall/skyData.git d8b827c..a942ef7 master -> master 分支 'master' 设置为跟踪来自 'github' 的远程分支 'master'。
{"code":200,"message":"ok","data":null}
脚本目录:/home/pi/skydata
###################获取完成####################
##########初始化Git远程仓库#############
##########提交GitHub#############
[master 8280581] 2021-03-01 00:15:25 自动更新提交Sky_CSV文件
 2 files changed, 133 insertions(+), 117 deletions(-)
 rename skyDate 2021-02-28.csv => skyDate 2021-03-01.csv (96%)
To github.com:AdminWhaleFall/skyData.git a942ef7..8280581 master -> master 分支 'master' 设置为跟踪来自 'github' 的远程分支 'master'。
{"code":200,"message":"ok","data":null}
脚本目录:/home/pi/skydata
###################获取完成####################
##########初始化Git远程仓库#############
##########提交GitHub#############
[master bc2738e] 2021-03-02 00:15:24 自动更新提交Sky_CSV文件
 2 files changed, 129 insertions(+), 117 deletions(-)
 rename skyDate 2021-03-01.csv => skyDate 2021-03-02.csv (96%)
To github.com:AdminWhaleFall/skyData.git 8280581..bc2738e master -> master 分支 'master' 设置为跟踪来自 'github' 的远程分支 'master'。
{"code":200,"message":"ok","data":null}
脚本目录:/home/pi/skydata
###################获取完成####################
##########初始化Git远程仓库#############
##########提交GitHub#############
[master e08c748] 2021-03-03 00:15:26 自动更新提交Sky_CSV文件
 2 files changed, 146 insertions(+), 119 deletions(-)
 rename skyDate 2021-03-02.csv => skyDate 2021-03-03.csv (96%)
To github.com:AdminWhaleFall/skyData.git bc2738e..e08c748 master -> master 分支 'master' 设置为跟踪来自 'github' 的远程分支 'master'。
{"code":200,"message":"ok","data":null}
脚本目录:/home/pi/skydata
###################获取完成####################
##########初始化Git远程仓库#############
##########提交GitHub#############
[master d6bcf80] 2021-03-04 00:15:27 自动更新提交Sky_CSV文件
 2 files changed, 131 insertions(+), 117 deletions(-)
 rename skyDate 2021-03-03.csv => skyDate 2021-03-04.csv (96%)
To github.com:AdminWhaleFall/skyData.git e08c748..d6bcf80 master -> master 分支 'master' 设置为跟踪来自 'github' 的远程分支 'master'。
{"code":200,"message":"ok","data":null}
脚本目录:/home/pi/skydata
###################获取完成####################
##########初始化Git远程仓库#############
##########提交GitHub#############
[master bba84b9] 2021-03-05 00:15:25 自动更新提交Sky_CSV文件
 2 files changed, 128 insertions(+), 117 deletions(-)
 rename skyDate 2021-03-04.csv => skyDate 2021-03-05.csv (96%)
To github.com:AdminWhaleFall/skyData.git d6bcf80..bba84b9 master -> master 分支 'master' 设置为跟踪来自 'github' 的远程分支 'master'。
{"code":200,"message":"ok","data":null}
脚本目录:/home/pi/skydata
###################获取完成####################
##########初始化Git远程仓库#############
##########提交GitHub#############
[master 9e30ad7] 2021-03-06 00:15:27 自动更新提交Sky_CSV文件
 2 files changed, 135 insertions(+), 118 deletions(-)
 rename skyDate 2021-03-05.csv => skyDate 2021-03-06.csv (96%)
To github.com:AdminWhaleFall/skyData.git bba84b9..9e30ad7 master -> master 分支 'master' 设置为跟踪来自 'github' 的远程分支 'master'。
{"code":200,"message":"ok","data":null}
脚本目录:/home/pi/skydata
###################获取完成####################
##########初始化Git远程仓库#############
##########提交GitHub#############
[master 73f0d5f] 2021-03-07 00:15:26 自动更新提交Sky_CSV文件
 2 files changed, 144 insertions(+), 119 deletions(-)
 rename skyDate 2021-03-06.csv => skyDate 2021-03-07.csv (96%)
To github.com:AdminWhaleFall/skyData.git 9e30ad7..73f0d5f master -> master 分支 'master' 设置为跟踪来自 'github' 的远程分支 'master'。
{"code":200,"message":"ok","data":null}
脚本目录:/home/pi/skydata
###################获取完成####################
##########初始化Git远程仓库#############
##########提交GitHub#############
[master 45c9c3e] 2021-03-08 00:15:25 自动更新提交Sky_CSV文件
 2 files changed, 133 insertions(+), 119 deletions(-)
 rename skyDate 2021-03-07.csv => skyDate 2021-03-08.csv (96%)
To github.com:AdminWhaleFall/skyData.git 73f0d5f..45c9c3e master -> master 分支 'master' 设置为跟踪来自 'github' 的远程分支 'master'。
{"code":200,"message":"ok","data":null}
脚本目录:/home/pi/skydata
###################获取完成####################
##########初始化Git远程仓库#############
##########提交GitHub#############
[master b36e0a0] 2021-03-09 00:15:26 自动更新提交Sky_CSV文件
 2 files changed, 154 insertions(+), 119 deletions(-)
 rename skyDate 2021-03-08.csv => skyDate 2021-03-09.csv (95%)
To github.com:AdminWhaleFall/skyData.git 45c9c3e..b36e0a0 master -> master 分支 'master' 设置为跟踪来自 'github' 的远程分支 'master'。
{"code":200,"message":"ok","data":null}
脚本目录:/home/pi/skydata
###################获取完成####################
##########初始化Git远程仓库#############
##########提交GitHub#############
[master b15ec75] 2021-03-10 00:15:28 自动更新提交Sky_CSV文件
 2 files changed, 130 insertions(+), 119 deletions(-)
 rename skyDate 2021-03-09.csv => skyDate 2021-03-10.csv (96%)
To github.com:AdminWhaleFall/skyData.git b36e0a0..b15ec75 master -> master 分支 'master' 设置为跟踪来自 'github' 的远程分支 'master'。
{"code":200,"message":"ok","data":null}
脚本目录:/home/pi/skydata
###################获取完成####################
##########初始化Git远程仓库#############
##########提交GitHub#############
[master 240b620] 2021-03-11 00:15:31 自动更新提交Sky_CSV文件
 2 files changed, 136 insertions(+), 119 deletions(-)
 rename skyDate 2021-03-10.csv => skyDate 2021-03-11.csv (96%)
To github.com:AdminWhaleFall/skyData.git b15ec75..240b620 master -> master 分支 'master' 设置为跟踪来自 'github' 的远程分支 'master'。
{"code":200,"message":"ok","data":null}
脚本目录:/home/pi/skydata
###################获取完成####################
##########初始化Git远程仓库#############
##########提交GitHub#############
[master 81bc897] 2021-03-12 00:15:26 自动更新提交Sky_CSV文件
 2 files changed, 133 insertions(+), 119 deletions(-)
 rename skyDate 2021-03-11.csv => skyDate 2021-03-12.csv (96%)
To github.com:AdminWhaleFall/skyData.git 240b620..81bc897 master -> master 分支 'master' 设置为跟踪来自 'github' 的远程分支 'master'。
{"code":200,"message":"ok","data":null}
脚本目录:/home/pi/skydata
###################获取完成####################
##########初始化Git远程仓库#############
##########提交GitHub#############
[master 0398069] 2021-03-13 00:15:28 自动更新提交Sky_CSV文件
 2 files changed, 132 insertions(+), 119 deletions(-)
 rename skyDate 2021-03-12.csv => skyDate 2021-03-13.csv (96%)
To github.com:AdminWhaleFall/skyData.git 81bc897..0398069 master -> master 分支 'master' 设置为跟踪来自 'github' 的远程分支 'master'。
{"code":200,"message":"ok","data":null}
脚本目录:/home/pi/skydata
Traceback (most recent call last):
  File "/usr/lib/python3/dist-packages/urllib3/connection.py", line 159, in _new_conn
    (self._dns_host, self.port), self.timeout, **extra_kw)
  File "/usr/lib/python3/dist-packages/urllib3/util/connection.py", line 57, in create_connection
    for res in socket.getaddrinfo(host, port, family, socket.SOCK_STREAM):
  File "/usr/lib/python3.7/socket.py", line 748, in getaddrinfo
    for res in _socket.getaddrinfo(host, port, family, type, proto, flags):
socket.gaierror: [Errno -3] Temporary failure in name resolution

During handling of the above exception, another exception occurred:

Traceback (most recent call last):
  File "/usr/lib/python3/dist-packages/urllib3/connectionpool.py", line 600, in urlopen
    chunked=chunked)
  File "/usr/lib/python3/dist-packages/urllib3/connectionpool.py", line 343, in _make_request
    self._validate_conn(conn)
  File "/usr/lib/python3/dist-packages/urllib3/connectionpool.py", line 841, in _validate_conn
    conn.connect()
  File "/usr/lib/python3/dist-packages/urllib3/connection.py", line 301, in connect
    conn = self._new_conn()
  File "/usr/lib/python3/dist-packages/urllib3/connection.py", line 168, in _new_conn
    self, "Failed to establish a new connection: %s" % e)
urllib3.exceptions.NewConnectionError: <urllib3.connection.VerifiedHTTPSConnection object at 0x7f9a4afa20>: Failed to establish a new connection: [Errno -3] Temporary failure in name resolution

During handling of the above exception, another exception occurred:

Traceback (most recent call last):
  File "/usr/lib/python3/dist-packages/requests/adapters.py", line 449, in send
    timeout=timeout
  File "/usr/lib/python3/dist-packages/urllib3/connectionpool.py", line 638, in urlopen
    _stacktrace=sys.exc_info()[2])
  File "/usr/lib/python3/dist-packages/urllib3/util/retry.py", line 398, in increment
    raise MaxRetryError(_pool, url, error or ResponseError(cause))
urllib3.exceptions.MaxRetryError: HTTPSConnectionPool(host='kol.tongren.163.com', port=443): Max retries exceeded with url: /article/?sort=new&game=%E5%85%89%E9%81%87&random_hot_value=10&span=60&start=0 (Caused by NewConnectionError('<urllib3.connection.VerifiedHTTPSConnection object at 0x7f9a4afa20>: Failed to establish a new connection: [Errno -3] Temporary failure in name resolution'))

During handling of the above exception, another exception occurred:

Traceback (most recent call last):
  File "sky.py", line 45, in getContent
    response = requests.get(url, params=data, headers=header).json()
  File "/usr/lib/python3/dist-packages/requests/api.py", line 75, in get
    return request('get', url, params=params, **kwargs)
  File "/usr/lib/python3/dist-packages/requests/api.py", line 60, in request
    return session.request(method=method, url=url, **kwargs)
  File "/usr/lib/python3/dist-packages/requests/sessions.py", line 533, in request
    resp = self.send(prep, **send_kwargs)
  File "/usr/lib/python3/dist-packages/requests/sessions.py", line 646, in send
    r = adapter.send(request, **kwargs)
  File "/usr/lib/python3/dist-packages/requests/adapters.py", line 516, in send
    raise ConnectionError(e, request=request)
requests.exceptions.ConnectionError: HTTPSConnectionPool(host='kol.tongren.163.com', port=443): Max retries exceeded with url: /article/?sort=new&game=%E5%85%89%E9%81%87&random_hot_value=10&span=60&start=0 (Caused by NewConnectionError('<urllib3.connection.VerifiedHTTPSConnection object at 0x7f9a4afa20>: Failed to establish a new connection: [Errno -3] Temporary failure in name resolution'))

During handling of the above exception, another exception occurred:

Traceback (most recent call last):
  File "sky.py", line 140, in <module>
    Data = getContent(page)  # 字典数据
  File "sky.py", line 53, in getContent
    print("[Eroor]响应信息:", response)
UnboundLocalError: local variable 'response' referenced before assignment
###################获取完成####################
##########初始化Git远程仓库#############
##########提交GitHub#############
[master 05afdbf] 2021-03-14 00:15:24 自动更新提交Sky_CSV文件
 3 files changed, 70 insertions(+), 4524 deletions(-)
 delete mode 100644 skyDate 2021-03-13.csv
 create mode 100644 skyDate 2021-03-14.csv
To github.com:AdminWhaleFall/skyData.git 0398069..05afdbf master -> master 分支 'master' 设置为跟踪来自 'github' 的远程分支 'master'。
{"code":200,"message":"ok","data":null}
脚本目录:/home/pi/skydata
###################获取完成####################
##########初始化Git远程仓库#############
##########提交GitHub#############
[master 33a0d97] 2021-03-15 00:15:39 自动更新提交Sky_CSV文件
 3 files changed, 4544 insertions(+), 1 deletion(-)
 delete mode 100644 skyDate 2021-03-14.csv
 create mode 100644 skyDate 2021-03-15.csv
To github.com:AdminWhaleFall/skyData.git 05afdbf..33a0d97 master -> master 分支 'master' 设置为跟踪来自 'github' 的远程分支 'master'。
{"code":200,"message":"ok","data":null}
脚本目录:/home/pi/skydata
###################获取完成####################
##########初始化Git远程仓库#############
##########提交GitHub#############
[master 103d71e] 2021-03-16 00:15:31 自动更新提交Sky_CSV文件
 2 files changed, 137 insertions(+), 120 deletions(-)
 rename skyDate 2021-03-15.csv => skyDate 2021-03-16.csv (96%)
To github.com:AdminWhaleFall/skyData.git 33a0d97..103d71e master -> master 分支 'master' 设置为跟踪来自 'github' 的远程分支 'master'。
{"code":200,"message":"ok","data":null}
脚本目录:/home/pi/skydata
###################获取完成####################
##########初始化Git远程仓库#############
##########提交GitHub#############
[master 6943c9a] 2021-03-17 00:15:28 自动更新提交Sky_CSV文件
 2 files changed, 133 insertions(+), 121 deletions(-)
 rename skyDate 2021-03-16.csv => skyDate 2021-03-17.csv (96%)
To github.com:AdminWhaleFall/skyData.git 103d71e..6943c9a master -> master 分支 'master' 设置为跟踪来自 'github' 的远程分支 'master'。
{"code":200,"message":"ok","message_1":null,"data":null}
脚本目录:/home/pi/skydata
###################获取完成####################
##########初始化Git远程仓库#############
##########提交GitHub#############
[master 35c6c5d] 2021-03-18 00:15:28 自动更新提交Sky_CSV文件
 2 files changed, 9 insertions(+)
 rename skyDate 2021-03-17.csv => skyDate 2021-03-18.csv (100%)
To github.com:AdminWhaleFall/skyData.git 6943c9a..35c6c5d master -> master 分支 'master' 设置为跟踪来自 'github' 的远程分支 'master'。
{"code":200,"message":"ok","message_1":null,"data":null}
脚本目录:/home/pi/skydata
###################获取完成####################
##########初始化Git远程仓库#############
##########提交GitHub#############
[master 766689b] 2021-03-19 00:15:27 自动更新提交Sky_CSV文件
 2 files changed, 133 insertions(+), 121 deletions(-)
 rename skyDate 2021-03-18.csv => skyDate 2021-03-19.csv (96%)
To github.com:AdminWhaleFall/skyData.git 35c6c5d..766689b master -> master 分支 'master' 设置为跟踪来自 'github' 的远程分支 'master'。
{"code":200,"message":"ok","message_1":null,"data":null}
脚本目录:/home/pi/skydata
###################获取完成####################
##########初始化Git远程仓库#############
##########提交GitHub#############
[master 87c0d8d] 2021-03-20 00:15:26 自动更新提交Sky_CSV文件
 2 files changed, 135 insertions(+), 122 deletions(-)
 rename skyDate 2021-03-19.csv => skyDate 2021-03-20.csv (96%)
To github.com:AdminWhaleFall/skyData.git 766689b..87c0d8d master -> master 分支 'master' 设置为跟踪来自 'github' 的远程分支 'master'。
{"code":200,"message":"ok","message_1":null,"data":null}
脚本目录:/home/pi/skydata
###################获取完成####################
##########初始化Git远程仓库#############
##########提交GitHub#############
[master 312c95b] 2021-03-21 00:15:27 自动更新提交Sky_CSV文件
 2 files changed, 135 insertions(+), 121 deletions(-)
 rename skyDate 2021-03-20.csv => skyDate 2021-03-21.csv (96%)
To github.com:AdminWhaleFall/skyData.git 87c0d8d..312c95b master -> master 分支 'master' 设置为跟踪来自 'github' 的远程分支 'master'。
{"code":200,"message":"ok","message_1":null,"data":null}
脚本目录:/home/pi/skydata
###################获取完成####################
##########初始化Git远程仓库#############
##########提交GitHub#############
[master 2eacaa4] 2021-03-22 00:15:36 自动更新提交Sky_CSV文件
 2 files changed, 139 insertions(+), 121 deletions(-)
 rename skyDate 2021-03-21.csv => skyDate 2021-03-22.csv (96%)
To github.com:AdminWhaleFall/skyData.git 312c95b..2eacaa4 master -> master 分支 'master' 设置为跟踪来自 'github' 的远程分支 'master'。
{"code":200,"message":"ok","message_1":null,"data":null}
脚本目录:/home/pi/skydata
###################获取完成####################
##########初始化Git远程仓库#############
##########提交GitHub#############
[master fa2b176] 2021-03-23 00:15:27 自动更新提交Sky_CSV文件
 2 files changed, 132 insertions(+), 121 deletions(-)
 rename skyDate 2021-03-22.csv => skyDate 2021-03-23.csv (96%)
To github.com:AdminWhaleFall/skyData.git 2eacaa4..fa2b176 master -> master 分支 'master' 设置为跟踪来自 'github' 的远程分支 'master'。
{"code":200,"message":"ok","message_1":null,"data":null}
脚本目录:/home/pi/skydata
###################获取完成####################
##########初始化Git远程仓库#############
##########提交GitHub#############
[master ff3fbf7] 2021-03-24 00:15:25 自动更新提交Sky_CSV文件
 2 files changed, 131 insertions(+), 121 deletions(-)
 rename skyDate 2021-03-23.csv => skyDate 2021-03-24.csv (96%)
To github.com:AdminWhaleFall/skyData.git fa2b176..ff3fbf7 master -> master 分支 'master' 设置为跟踪来自 'github' 的远程分支 'master'。
{"code":200,"message":"ok","message_1":null,"data":null}
脚本目录:/home/pi/skydata
###################获取完成####################
##########初始化Git远程仓库#############
##########提交GitHub#############
[master e0bd21d] 2021-03-25 00:15:32 自动更新提交Sky_CSV文件
 2 files changed, 131 insertions(+), 121 deletions(-)
 rename skyDate 2021-03-24.csv => skyDate 2021-03-25.csv (96%)
To github.com:AdminWhaleFall/skyData.git ff3fbf7..e0bd21d master -> master 分支 'master' 设置为跟踪来自 'github' 的远程分支 'master'。
{"code":200,"message":"ok","message_1":null,"data":null}
脚本目录:/home/pi/skydata
###################获取完成####################
##########初始化Git远程仓库#############
##########提交GitHub#############
[master 2182fad] 2021-03-26 00:15:25 自动更新提交Sky_CSV文件
 2 files changed, 138 insertions(+), 121 deletions(-)
 rename skyDate 2021-03-25.csv => skyDate 2021-03-26.csv (96%)
To github.com:AdminWhaleFall/skyData.git e0bd21d..2182fad master -> master 分支 'master' 设置为跟踪来自 'github' 的远程分支 'master'。
{"code":200,"message":"ok","message_1":null,"data":null}
脚本目录:/home/pi/skydata
###################获取完成####################
##########初始化Git远程仓库#############
##########提交GitHub#############
[master 58907c7] 2021-03-27 00:15:27 自动更新提交Sky_CSV文件
 2 files changed, 131 insertions(+), 121 deletions(-)
 rename skyDate 2021-03-26.csv => skyDate 2021-03-27.csv (96%)
To github.com:AdminWhaleFall/skyData.git 2182fad..58907c7 master -> master 分支 'master' 设置为跟踪来自 'github' 的远程分支 'master'。
{"code":200,"message":"ok","message_1":null,"data":null}
脚本目录:/home/pi/skydata
###################获取完成####################
##########初始化Git远程仓库#############
##########提交GitHub#############
[master 07133d8] 2021-03-28 00:15:29 自动更新提交Sky_CSV文件
 2 files changed, 134 insertions(+), 121 deletions(-)
 rename skyDate 2021-03-27.csv => skyDate 2021-03-28.csv (96%)
To github.com:AdminWhaleFall/skyData.git 58907c7..07133d8 master -> master 分支 'master' 设置为跟踪来自 'github' 的远程分支 'master'。
{"code":200,"message":"ok","message_1":null,"data":null}
脚本目录:/home/pi/skydata
###################获取完成####################
##########初始化Git远程仓库#############
##########提交GitHub#############
[master 8251b0e] 2021-03-29 00:15:32 自动更新提交Sky_CSV文件
 2 files changed, 133 insertions(+), 123 deletions(-)
 rename skyDate 2021-03-28.csv => skyDate 2021-03-29.csv (96%)
To github.com:AdminWhaleFall/skyData.git 07133d8..8251b0e master -> master 分支 'master' 设置为跟踪来自 'github' 的远程分支 'master'。
{"code":200,"message":"ok","message_1":null,"data":null}
脚本目录:/home/pi/skydata
###################获取完成####################
##########初始化Git远程仓库#############
##########提交GitHub#############
[master 2e64baa] 2021-03-30 00:15:26 自动更新提交Sky_CSV文件
 2 files changed, 9 insertions(+)
 rename skyDate 2021-03-29.csv => skyDate 2021-03-30.csv (100%)
To github.com:AdminWhaleFall/skyData.git 8251b0e..2e64baa master -> master 分支 'master' 设置为跟踪来自 'github' 的远程分支 'master'。
{"code":200,"message":"ok","message_1":null,"data":null}
脚本目录:/home/pi/skydata
###################获取完成####################
##########初始化Git远程仓库#############
##########提交GitHub#############
[master 2f6bae6] 2021-03-31 00:15:28 自动更新提交Sky_CSV文件
 2 files changed, 131 insertions(+), 121 deletions(-)
 rename skyDate 2021-03-30.csv => skyDate 2021-03-31.csv (96%)
To github.com:AdminWhaleFall/skyData.git 2e64baa..2f6bae6 master -> master 分支 'master' 设置为跟踪来自 'github' 的远程分支 'master'。
{"code":200,"message":"ok","message_1":null,"data":null}
脚本目录:/home/pi/skydata
###################获取完成####################
##########初始化Git远程仓库#############
##########提交GitHub#############
[master 72113ee] 2021-04-01 00:15:29 自动更新提交Sky_CSV文件
 2 files changed, 132 insertions(+), 121 deletions(-)
 rename skyDate 2021-03-31.csv => skyDate 2021-04-01.csv (96%)
To github.com:AdminWhaleFall/skyData.git 2f6bae6..72113ee master -> master 分支 'master' 设置为跟踪来自 'github' 的远程分支 'master'。
{"code":200,"message":"ok","message_1":null,"data":null}
脚本目录:/home/pi/skydata
###################获取完成####################
##########初始化Git远程仓库#############
##########提交GitHub#############
[master 958a364] 2021-04-02 00:15:26 自动更新提交Sky_CSV文件
 2 files changed, 142 insertions(+), 121 deletions(-)
 rename skyDate 2021-04-01.csv => skyDate 2021-04-02.csv (96%)
To github.com:AdminWhaleFall/skyData.git 72113ee..958a364 master -> master 分支 'master' 设置为跟踪来自 'github' 的远程分支 'master'。
{"code":200,"message":"ok","message_1":null,"data":null}
脚本目录:/home/pi/skydata
###################获取完成####################
##########初始化Git远程仓库#############
##########提交GitHub#############
[master 6bda8b9] 2021-04-03 00:15:28 自动更新提交Sky_CSV文件
 2 files changed, 131 insertions(+), 121 deletions(-)
 rename skyDate 2021-04-02.csv => skyDate 2021-04-03.csv (96%)
To github.com:AdminWhaleFall/skyData.git 958a364..6bda8b9 master -> master 分支 'master' 设置为跟踪来自 'github' 的远程分支 'master'。
{"code":200,"message":"ok","message_1":null,"data":null}
脚本目录:/home/pi/skydata
###################获取完成####################
##########初始化Git远程仓库#############
##########提交GitHub#############
[master a479593] 2021-04-04 00:15:26 自动更新提交Sky_CSV文件
 2 files changed, 138 insertions(+), 121 deletions(-)
 rename skyDate 2021-04-03.csv => skyDate 2021-04-04.csv (96%)
To github.com:AdminWhaleFall/skyData.git 6bda8b9..a479593 master -> master 分支 'master' 设置为跟踪来自 'github' 的远程分支 'master'。
{"code":200,"message":"ok","message_1":null,"data":null}
脚本目录:/home/pi/skydata
###################获取完成####################
##########初始化Git远程仓库#############
##########提交GitHub#############
[master c4a8261] 2021-04-05 00:15:28 自动更新提交Sky_CSV文件
 2 files changed, 143 insertions(+), 122 deletions(-)
 rename skyDate 2021-04-04.csv => skyDate 2021-04-05.csv (96%)
To github.com:AdminWhaleFall/skyData.git a479593..c4a8261 master -> master 分支 'master' 设置为跟踪来自 'github' 的远程分支 'master'。
{"code":200,"message":"ok","message_1":null,"data":null}
脚本目录:/home/pi/skydata
###################获取完成####################
##########初始化Git远程仓库#############
##########提交GitHub#############
[master b061e4e] 2021-04-06 00:15:29 自动更新提交Sky_CSV文件
 2 files changed, 140 insertions(+), 123 deletions(-)
 rename skyDate 2021-04-05.csv => skyDate 2021-04-06.csv (96%)
To github.com:AdminWhaleFall/skyData.git c4a8261..b061e4e master -> master 分支 'master' 设置为跟踪来自 'github' 的远程分支 'master'。
{"code":200,"message":"ok","message_1":null,"data":null}
脚本目录:/home/pi/skydata
###################获取完成####################
##########初始化Git远程仓库#############
##########提交GitHub#############
[master 45ac7dd] 2021-04-07 00:15:27 自动更新提交Sky_CSV文件
 2 files changed, 135 insertions(+), 126 deletions(-)
 rename skyDate 2021-04-06.csv => skyDate 2021-04-07.csv (96%)
Warning: Permanently added the RSA host key for IP address '192.30.255.113' to the list of known hosts. To github.com:AdminWhaleFall/skyData.git b061e4e..45ac7dd master -> master 分支 'master' 设置为跟踪来自 'github' 的远程分支 'master'。
{"code":200,"message":"ok","message_1":null,"data":null}
脚本目录:/home/pi/skydata
###################获取完成####################
##########初始化Git远程仓库#############
##########提交GitHub#############
[master 8a7acee] 2021-04-08 00:15:28 自动更新提交Sky_CSV文件
 2 files changed, 133 insertions(+), 123 deletions(-)
 rename skyDate 2021-04-07.csv => skyDate 2021-04-08.csv (96%)
To github.com:AdminWhaleFall/skyData.git 45ac7dd..8a7acee master -> master 分支 'master' 设置为跟踪来自 'github' 的远程分支 'master'。
{"code":200,"message":"ok","message_1":null,"data":null}
脚本目录:/home/pi/skydata
###################获取完成####################
##########初始化Git远程仓库#############
##########提交GitHub#############
[master e9a2e6e] 2021-04-09 00:15:26 自动更新提交Sky_CSV文件
 2 files changed, 9 insertions(+)
 rename skyDate 2021-04-08.csv => skyDate 2021-04-09.csv (100%)
Warning: Permanently added the RSA host key for IP address '192.30.255.112' to the list of known hosts. To github.com:AdminWhaleFall/skyData.git 8a7acee..e9a2e6e master -> master 分支 'master' 设置为跟踪来自 'github' 的远程分支 'master'。
{"code":200,"message":"ok","message_1":null,"data":null}
脚本目录:/home/pi/skydata
###################获取完成####################
##########初始化Git远程仓库#############
##########提交GitHub#############
[master 0e27f42] 2021-04-10 00:15:26 自动更新提交Sky_CSV文件
 2 files changed, 142 insertions(+), 123 deletions(-)
 rename skyDate 2021-04-09.csv => skyDate 2021-04-10.csv (96%)
To github.com:AdminWhaleFall/skyData.git e9a2e6e..0e27f42 master -> master 分支 'master' 设置为跟踪来自 'github' 的远程分支 'master'。
{"code":200,"message":"ok","message_1":null,"data":null}
脚本目录:/home/pi/skydata
###################获取完成####################
##########初始化Git远程仓库#############
##########提交GitHub#############
[master 8422a3f] 2021-04-11 00:15:29 自动更新提交Sky_CSV文件
 2 files changed, 133 insertions(+), 123 deletions(-)
 rename skyDate 2021-04-10.csv => skyDate 2021-04-11.csv (96%)
To github.com:AdminWhaleFall/skyData.git 0e27f42..8422a3f master -> master 分支 'master' 设置为跟踪来自 'github' 的远程分支 'master'。
{"code":200,"message":"ok","message_1":null,"data":null}
脚本目录:/home/pi/skydata
###################获取完成####################
##########初始化Git远程仓库#############
##########提交GitHub#############
[master 86d588a] 2021-04-12 00:15:31 自动更新提交Sky_CSV文件
 2 files changed, 137 insertions(+), 134 deletions(-)
 rename skyDate 2021-04-11.csv => skyDate 2021-04-12.csv (96%)
To github.com:AdminWhaleFall/skyData.git 8422a3f..86d588a master -> master 分支 'master' 设置为跟踪来自 'github' 的远程分支 'master'。
{"code":200,"message":"ok","message_1":null,"data":null}
脚本目录:/home/pi/skydata
###################获取完成####################
##########初始化Git远程仓库#############
##########提交GitHub#############
[master a59968c] 2021-04-13 00:15:30 自动更新提交Sky_CSV文件
 2 files changed, 137 insertions(+), 123 deletions(-)
 rename skyDate 2021-04-12.csv => skyDate 2021-04-13.csv (96%)
To github.com:AdminWhaleFall/skyData.git 86d588a..a59968c master -> master 分支 'master' 设置为跟踪来自 'github' 的远程分支 'master'。
{"code":200,"message":"ok","message_1":null,"data":null}
脚本目录:/home/pi/skydata
###################获取完成####################
##########初始化Git远程仓库#############
##########提交GitHub#############
[master 757c324] 2021-04-14 00:15:29 自动更新提交Sky_CSV文件
 2 files changed, 133 insertions(+), 123 deletions(-)
 rename skyDate 2021-04-13.csv => skyDate 2021-04-14.csv (96%)
To github.com:AdminWhaleFall/skyData.git a59968c..757c324 master -> master 分支 'master' 设置为跟踪来自 'github' 的远程分支 'master'。
{"code":200,"message":"ok","message_1":null,"data":null}
脚本目录:/home/pi/skydata
###################获取完成####################
##########初始化Git远程仓库#############
##########提交GitHub#############
[master a83258d] 2021-04-15 00:15:27 自动更新提交Sky_CSV文件
 2 files changed, 133 insertions(+), 123 deletions(-)
 rename skyDate 2021-04-14.csv => skyDate 2021-04-15.csv (96%)
To github.com:AdminWhaleFall/skyData.git 757c324..a83258d master -> master 分支 'master' 设置为跟踪来自 'github' 的远程分支 'master'。
{"code":200,"message":"ok","message_1":null,"data":null}
脚本目录:/home/pi/skydata
###################获取完成####################
##########初始化Git远程仓库#############
##########提交GitHub#############
[master b9c5691] 2021-04-16 00:15:29 自动更新提交Sky_CSV文件
 2 files changed, 9 insertions(+)
 rename skyDate 2021-04-15.csv => skyDate 2021-04-16.csv (100%)
To github.com:AdminWhaleFall/skyData.git a83258d..b9c5691 master -> master 分支 'master' 设置为跟踪来自 'github' 的远程分支 'master'。
{"code":200,"message":"ok","message_1":null,"data":null}
脚本目录:/home/pi/skydata
###################获取完成####################
##########初始化Git远程仓库#############
##########提交GitHub#############
[master 54b4fc4] 2021-04-17 00:15:26 自动更新提交Sky_CSV文件
 2 files changed, 9 insertions(+)
 rename skyDate 2021-04-16.csv => skyDate 2021-04-17.csv (100%)
To github.com:AdminWhaleFall/skyData.git b9c5691..54b4fc4 master -> master 分支 'master' 设置为跟踪来自 'github' 的远程分支 'master'。
{"code":200,"message":"ok","message_1":null,"data":null}
脚本目录:/home/pi/skydata
###################获取完成####################
##########初始化Git远程仓库#############
##########提交GitHub#############
